<!DOCTYPE html>
<html>
<head>
    <title>Unittest Results</title>
    <meta charset="utf-8">
    <meta name="viewport" content="width=device-width, initial-scale=1.0">
    <link rel="stylesheet" href="https://maxcdn.bootstrapcdn.com/bootstrap/3.3.6/css/bootstrap.min.css" integrity="sha384-1q8mTJOASx8j1Au+a5WDVnPi2lkFfwwEAa8hDDdjZlpLegxhjVME1fgjWPGmkzs7" crossorigin="anonymous">
</head>
<body>
    <div class="container">
        <div class="row">
            <div class="col-xs-12">
                <h2 class="text-capitalize">Unittest Results</h2>
                <p class='attribute'><strong>Start Time: </strong>2023-09-15 13:39:47</p>
                <p class='attribute'><strong>Duration: </strong>74.26 s</p>
                <p class='attribute'><strong>Summary: </strong>Total: 6, Pass: 2, Error: 4</p>
            </div>
        </div>
        <div class="row">
            <div class="col-xs-12 col-sm-10 col-md-10">
                <table class='table table-hover table-responsive'>
                    <thead>
                        <tr>
                            <th>__main__.LoginTest</th>
                            <th>Status</th>
                            <th></th>
                        </tr>
                    </thead>
                    <tbody>
                        <tr class='success'>
                            <td class="col-xs-10">test_01_valid_login</td>
                            <td class="col-xs-1">
                                <span class="label label-success" style="display:block;width:40px;">Pass</span>
                            </td>
                            <td class="col-xs-1">
                            </td>
                        </tr>
                        <tr class='success'>
                            <td class="col-xs-10">test_02_valid_login</td>
                            <td class="col-xs-1">
                                <span class="label label-success" style="display:block;width:40px;">Pass</span>
                            </td>
                            <td class="col-xs-1">
                            </td>
                        </tr>
                        <tr class='warning'>
                            <td class="col-xs-10">test_03_invalid_login</td>
                            <td class="col-xs-1">
                                <span class="label label-warning" style="display:block;width:40px;">Error</span>
                            </td>
                            <td class="col-xs-1">
                                <button class="btn btn-default btn-xs">View</button>
                            </td>
                        </tr>
                        <tr style="display:none;">
                            <td class="col-xs-9" colspan="3"><p style="color:maroon;">NoSuchElementException: Message: no such element: Unable to locate element: {"method":"css selector","selector":"[id="username"]"}
  (Session info: chrome=116.0.5845.187); For documentation on this error, please visit: https://www.selenium.dev/documentation/webdriver/troubleshooting/errors#no-such-element-exception
Stacktrace:
#0 0x55f38e8c9e23 <unknown>
#1 0x55f38e5f27a7 <unknown>
#2 0x55f38e6311d3 <unknown>
#3 0x55f38e6312c1 <unknown>
#4 0x55f38e66ca04 <unknown>
#5 0x55f38e65203d <unknown>
#6 0x55f38e66a369 <unknown>
#7 0x55f38e651de3 <unknown>
#8 0x55f38e625a7b <unknown>
#9 0x55f38e62681e <unknown>
#10 0x55f38e88b638 <unknown>
#11 0x55f38e88f507 <unknown>
#12 0x55f38e899c4c <unknown>
#13 0x55f38e890136 <unknown>
#14 0x55f38e85e9cf <unknown>
#15 0x55f38e8b3b98 <unknown>
#16 0x55f38e8b3d68 <unknown>
#17 0x55f38e8c2cb3 <unknown>
#18 0x7ff47fa94b43 <unknown>
</p><p style="color:maroon;">Traceback (most recent call last):
  File "/home/priyansu/Desktop/testing/unifyng-automation-testing/UnifyNG/POM/Tests/TestLogin/login.py", line 67, in test_03_invalid_login
    login.enter_username("sachin")
  File "/home/priyansu/Desktop/testing/unifyng-automation-testing/UnifyNG/POM/Pages/Login/loginPage.py", line 25, in enter_username
    self.driver.find_element(By.ID, self.username_textbox_id).clear()
  File "/home/priyansu/.local/lib/python3.10/site-packages/selenium/webdriver/remote/webdriver.py", line 738, in find_element
    return self.execute(Command.FIND_ELEMENT, {"using": by, "value": value})["value"]
  File "/home/priyansu/.local/lib/python3.10/site-packages/selenium/webdriver/remote/webdriver.py", line 344, in execute
    self.error_handler.check_response(response)
  File "/home/priyansu/.local/lib/python3.10/site-packages/selenium/webdriver/remote/errorhandler.py", line 229, in check_response
    raise exception_class(message, screen, stacktrace)
selenium.common.exceptions.NoSuchElementException: Message: no such element: Unable to locate element: {"method":"css selector","selector":"[id="username"]"}
  (Session info: chrome=116.0.5845.187); For documentation on this error, please visit: https://www.selenium.dev/documentation/webdriver/troubleshooting/errors#no-such-element-exception
Stacktrace:
#0 0x55f38e8c9e23 <unknown>
#1 0x55f38e5f27a7 <unknown>
#2 0x55f38e6311d3 <unknown>
#3 0x55f38e6312c1 <unknown>
#4 0x55f38e66ca04 <unknown>
#5 0x55f38e65203d <unknown>
#6 0x55f38e66a369 <unknown>
#7 0x55f38e651de3 <unknown>
#8 0x55f38e625a7b <unknown>
#9 0x55f38e62681e <unknown>
#10 0x55f38e88b638 <unknown>
#11 0x55f38e88f507 <unknown>
#12 0x55f38e899c4c <unknown>
#13 0x55f38e890136 <unknown>
#14 0x55f38e85e9cf <unknown>
#15 0x55f38e8b3b98 <unknown>
#16 0x55f38e8b3d68 <unknown>
#17 0x55f38e8c2cb3 <unknown>
#18 0x7ff47fa94b43 <unknown>

</p>
                            </td>
                        </tr>
                        <tr class='warning'>
                            <td class="col-xs-10">test_04_invalid_login</td>
                            <td class="col-xs-1">
                                <span class="label label-warning" style="display:block;width:40px;">Error</span>
                            </td>
                            <td class="col-xs-1">
                                <button class="btn btn-default btn-xs">View</button>
                            </td>
                        </tr>
                        <tr style="display:none;">
                            <td class="col-xs-9" colspan="3"><p style="color:maroon;">NoSuchElementException: Message: no such element: Unable to locate element: {"method":"xpath","selector":"//button[@aria-label='account of current user']//*[name()='svg']"}
  (Session info: chrome=116.0.5845.187); For documentation on this error, please visit: https://www.selenium.dev/documentation/webdriver/troubleshooting/errors#no-such-element-exception
Stacktrace:
#0 0x55f38e8c9e23 <unknown>
#1 0x55f38e5f27a7 <unknown>
#2 0x55f38e6311d3 <unknown>
#3 0x55f38e6312c1 <unknown>
#4 0x55f38e66ca04 <unknown>
#5 0x55f38e65203d <unknown>
#6 0x55f38e66a369 <unknown>
#7 0x55f38e651de3 <unknown>
#8 0x55f38e625a7b <unknown>
#9 0x55f38e62681e <unknown>
#10 0x55f38e88b638 <unknown>
#11 0x55f38e88f507 <unknown>
#12 0x55f38e899c4c <unknown>
#13 0x55f38e890136 <unknown>
#14 0x55f38e85e9cf <unknown>
#15 0x55f38e8b3b98 <unknown>
#16 0x55f38e8b3d68 <unknown>
#17 0x55f38e8c2cb3 <unknown>
#18 0x7ff47fa94b43 <unknown>
</p><p style="color:maroon;">Traceback (most recent call last):
  File "/home/priyansu/Desktop/testing/unifyng-automation-testing/UnifyNG/POM/Tests/TestLogin/login.py", line 89, in test_04_invalid_login
    dashboard.click_account()
  File "/home/priyansu/Desktop/testing/unifyng-automation-testing/UnifyNG/POM/Pages/Dashboard/dashboardPage.py", line 31, in click_account
    self.driver.find_element(By.XPATH, self.account_link_xpath).click()
  File "/home/priyansu/.local/lib/python3.10/site-packages/selenium/webdriver/remote/webdriver.py", line 738, in find_element
    return self.execute(Command.FIND_ELEMENT, {"using": by, "value": value})["value"]
  File "/home/priyansu/.local/lib/python3.10/site-packages/selenium/webdriver/remote/webdriver.py", line 344, in execute
    self.error_handler.check_response(response)
  File "/home/priyansu/.local/lib/python3.10/site-packages/selenium/webdriver/remote/errorhandler.py", line 229, in check_response
    raise exception_class(message, screen, stacktrace)
selenium.common.exceptions.NoSuchElementException: Message: no such element: Unable to locate element: {"method":"xpath","selector":"//button[@aria-label='account of current user']//*[name()='svg']"}
  (Session info: chrome=116.0.5845.187); For documentation on this error, please visit: https://www.selenium.dev/documentation/webdriver/troubleshooting/errors#no-such-element-exception
Stacktrace:
#0 0x55f38e8c9e23 <unknown>
#1 0x55f38e5f27a7 <unknown>
#2 0x55f38e6311d3 <unknown>
#3 0x55f38e6312c1 <unknown>
#4 0x55f38e66ca04 <unknown>
#5 0x55f38e65203d <unknown>
#6 0x55f38e66a369 <unknown>
#7 0x55f38e651de3 <unknown>
#8 0x55f38e625a7b <unknown>
#9 0x55f38e62681e <unknown>
#10 0x55f38e88b638 <unknown>
#11 0x55f38e88f507 <unknown>
#12 0x55f38e899c4c <unknown>
#13 0x55f38e890136 <unknown>
#14 0x55f38e85e9cf <unknown>
#15 0x55f38e8b3b98 <unknown>
#16 0x55f38e8b3d68 <unknown>
#17 0x55f38e8c2cb3 <unknown>
#18 0x7ff47fa94b43 <unknown>

</p>
                            </td>
                        </tr>
                        <tr class='warning'>
                            <td class="col-xs-10">test_05_invalid_login</td>
                            <td class="col-xs-1">
                                <span class="label label-warning" style="display:block;width:40px;">Error</span>
                            </td>
                            <td class="col-xs-1">
                                <button class="btn btn-default btn-xs">View</button>
                            </td>
                        </tr>
                        <tr style="display:none;">
                            <td class="col-xs-9" colspan="3"><p style="color:maroon;">NoSuchElementException: Message: no such element: Unable to locate element: {"method":"xpath","selector":"//button[@aria-label='account of current user']//*[name()='svg']"}
  (Session info: chrome=116.0.5845.187); For documentation on this error, please visit: https://www.selenium.dev/documentation/webdriver/troubleshooting/errors#no-such-element-exception
Stacktrace:
#0 0x55f38e8c9e23 <unknown>
#1 0x55f38e5f27a7 <unknown>
#2 0x55f38e6311d3 <unknown>
#3 0x55f38e6312c1 <unknown>
#4 0x55f38e66ca04 <unknown>
#5 0x55f38e65203d <unknown>
#6 0x55f38e66a369 <unknown>
#7 0x55f38e651de3 <unknown>
#8 0x55f38e625a7b <unknown>
#9 0x55f38e62681e <unknown>
#10 0x55f38e88b638 <unknown>
#11 0x55f38e88f507 <unknown>
#12 0x55f38e899c4c <unknown>
#13 0x55f38e890136 <unknown>
#14 0x55f38e85e9cf <unknown>
#15 0x55f38e8b3b98 <unknown>
#16 0x55f38e8b3d68 <unknown>
#17 0x55f38e8c2cb3 <unknown>
#18 0x7ff47fa94b43 <unknown>
</p><p style="color:maroon;">Traceback (most recent call last):
  File "/home/priyansu/Desktop/testing/unifyng-automation-testing/UnifyNG/POM/Tests/TestLogin/login.py", line 106, in test_05_invalid_login
    dashboard.click_account()
  File "/home/priyansu/Desktop/testing/unifyng-automation-testing/UnifyNG/POM/Pages/Dashboard/dashboardPage.py", line 31, in click_account
    self.driver.find_element(By.XPATH, self.account_link_xpath).click()
  File "/home/priyansu/.local/lib/python3.10/site-packages/selenium/webdriver/remote/webdriver.py", line 738, in find_element
    return self.execute(Command.FIND_ELEMENT, {"using": by, "value": value})["value"]
  File "/home/priyansu/.local/lib/python3.10/site-packages/selenium/webdriver/remote/webdriver.py", line 344, in execute
    self.error_handler.check_response(response)
  File "/home/priyansu/.local/lib/python3.10/site-packages/selenium/webdriver/remote/errorhandler.py", line 229, in check_response
    raise exception_class(message, screen, stacktrace)
selenium.common.exceptions.NoSuchElementException: Message: no such element: Unable to locate element: {"method":"xpath","selector":"//button[@aria-label='account of current user']//*[name()='svg']"}
  (Session info: chrome=116.0.5845.187); For documentation on this error, please visit: https://www.selenium.dev/documentation/webdriver/troubleshooting/errors#no-such-element-exception
Stacktrace:
#0 0x55f38e8c9e23 <unknown>
#1 0x55f38e5f27a7 <unknown>
#2 0x55f38e6311d3 <unknown>
#3 0x55f38e6312c1 <unknown>
#4 0x55f38e66ca04 <unknown>
#5 0x55f38e65203d <unknown>
#6 0x55f38e66a369 <unknown>
#7 0x55f38e651de3 <unknown>
#8 0x55f38e625a7b <unknown>
#9 0x55f38e62681e <unknown>
#10 0x55f38e88b638 <unknown>
#11 0x55f38e88f507 <unknown>
#12 0x55f38e899c4c <unknown>
#13 0x55f38e890136 <unknown>
#14 0x55f38e85e9cf <unknown>
#15 0x55f38e8b3b98 <unknown>
#16 0x55f38e8b3d68 <unknown>
#17 0x55f38e8c2cb3 <unknown>
#18 0x7ff47fa94b43 <unknown>

</p>
                            </td>
                        </tr>
                        <tr class='warning'>
                            <td class="col-xs-10">test_06_invalid_login</td>
                            <td class="col-xs-1">
                                <span class="label label-warning" style="display:block;width:40px;">Error</span>
                            </td>
                            <td class="col-xs-1">
                                <button class="btn btn-default btn-xs">View</button>
                            </td>
                        </tr>
                        <tr style="display:none;">
                            <td class="col-xs-9" colspan="3"><p style="color:maroon;">NoSuchElementException: Message: no such element: Unable to locate element: {"method":"xpath","selector":"//button[@aria-label='account of current user']//*[name()='svg']"}
  (Session info: chrome=116.0.5845.187); For documentation on this error, please visit: https://www.selenium.dev/documentation/webdriver/troubleshooting/errors#no-such-element-exception
Stacktrace:
#0 0x55f38e8c9e23 <unknown>
#1 0x55f38e5f27a7 <unknown>
#2 0x55f38e6311d3 <unknown>
#3 0x55f38e6312c1 <unknown>
#4 0x55f38e66ca04 <unknown>
#5 0x55f38e65203d <unknown>
#6 0x55f38e66a369 <unknown>
#7 0x55f38e651de3 <unknown>
#8 0x55f38e625a7b <unknown>
#9 0x55f38e62681e <unknown>
#10 0x55f38e88b638 <unknown>
#11 0x55f38e88f507 <unknown>
#12 0x55f38e899c4c <unknown>
#13 0x55f38e890136 <unknown>
#14 0x55f38e85e9cf <unknown>
#15 0x55f38e8b3b98 <unknown>
#16 0x55f38e8b3d68 <unknown>
#17 0x55f38e8c2cb3 <unknown>
#18 0x7ff47fa94b43 <unknown>
</p><p style="color:maroon;">Traceback (most recent call last):
  File "/home/priyansu/Desktop/testing/unifyng-automation-testing/UnifyNG/POM/Tests/TestLogin/login.py", line 123, in test_06_invalid_login
    dashboard.click_account()
  File "/home/priyansu/Desktop/testing/unifyng-automation-testing/UnifyNG/POM/Pages/Dashboard/dashboardPage.py", line 31, in click_account
    self.driver.find_element(By.XPATH, self.account_link_xpath).click()
  File "/home/priyansu/.local/lib/python3.10/site-packages/selenium/webdriver/remote/webdriver.py", line 738, in find_element
    return self.execute(Command.FIND_ELEMENT, {"using": by, "value": value})["value"]
  File "/home/priyansu/.local/lib/python3.10/site-packages/selenium/webdriver/remote/webdriver.py", line 344, in execute
    self.error_handler.check_response(response)
  File "/home/priyansu/.local/lib/python3.10/site-packages/selenium/webdriver/remote/errorhandler.py", line 229, in check_response
    raise exception_class(message, screen, stacktrace)
selenium.common.exceptions.NoSuchElementException: Message: no such element: Unable to locate element: {"method":"xpath","selector":"//button[@aria-label='account of current user']//*[name()='svg']"}
  (Session info: chrome=116.0.5845.187); For documentation on this error, please visit: https://www.selenium.dev/documentation/webdriver/troubleshooting/errors#no-such-element-exception
Stacktrace:
#0 0x55f38e8c9e23 <unknown>
#1 0x55f38e5f27a7 <unknown>
#2 0x55f38e6311d3 <unknown>
#3 0x55f38e6312c1 <unknown>
#4 0x55f38e66ca04 <unknown>
#5 0x55f38e65203d <unknown>
#6 0x55f38e66a369 <unknown>
#7 0x55f38e651de3 <unknown>
#8 0x55f38e625a7b <unknown>
#9 0x55f38e62681e <unknown>
#10 0x55f38e88b638 <unknown>
#11 0x55f38e88f507 <unknown>
#12 0x55f38e899c4c <unknown>
#13 0x55f38e890136 <unknown>
#14 0x55f38e85e9cf <unknown>
#15 0x55f38e8b3b98 <unknown>
#16 0x55f38e8b3d68 <unknown>
#17 0x55f38e8c2cb3 <unknown>
#18 0x7ff47fa94b43 <unknown>

</p>
                            </td>
                        </tr>
                        <tr>
                            <td colspan="3">
                                Total: 6, Pass: 2, Error: 4 -- Duration: 74.26 s
                            </td>
                        </tr>
                    </tbody>
                </table>
            </div>
        </div>
    </div>
    <script src="https://ajax.googleapis.com/ajax/libs/jquery/2.2.4/jquery.min.js"></script>
    <script type="text/javascript">
        $(document).ready(function(){
            $('td').on('click', '.btn', function(e){
                e.preventDefault();
                e.stopImmediatePropagation();
                var $this = $(this);
                var $nextRow = $this.closest('tr').next('tr');
                $nextRow.slideToggle("fast");
                $this.text(function(i, text){
                    if (text === 'View') {
                        return 'Hide';
                    } else {
                        return 'View';
                    };
                });
            });
        });
    </script>
</body>
</html