<!DOCTYPE html>
<html>
<head>
    <title>Unittest Results</title>
    <meta charset="utf-8">
    <meta name="viewport" content="width=device-width, initial-scale=1.0">
    <link rel="stylesheet" href="https://maxcdn.bootstrapcdn.com/bootstrap/3.3.6/css/bootstrap.min.css" integrity="sha384-1q8mTJOASx8j1Au+a5WDVnPi2lkFfwwEAa8hDDdjZlpLegxhjVME1fgjWPGmkzs7" crossorigin="anonymous">
</head>
<body>
    <div class="container">
        <div class="row">
            <div class="col-xs-12">
                <h2 class="text-capitalize">Unittest Results</h2>
                <p class='attribute'><strong>Start Time: </strong>2023-12-27 14:00:43</p>
                <p class='attribute'><strong>Duration: </strong>17.03 s</p>
                <p class='attribute'><strong>Summary: </strong>Total: 1, Pass: 0, Error: 1</p>
            </div>
        </div>
        <div class="row">
            <div class="col-xs-12 col-sm-10 col-md-10">
                <table class='table table-hover table-responsive'>
                    <thead>
                        <tr>
                            <th>__main__.LoginTest</th>
                            <th>Status</th>
                            <th></th>
                        </tr>
                    </thead>
                    <tbody>
                        <tr class='warning'>
                            <td class="col-xs-10">test_001_tenant</td>
                            <td class="col-xs-1">
                                <span class="label label-warning" style="display:block;width:40px;">Error</span>
                            </td>
                            <td class="col-xs-1">
                                <button class="btn btn-default btn-xs">View</button>
                            </td>
                        </tr>
                        <tr style="display:none;">
                            <td class="col-xs-9" colspan="3"><p style="color:maroon;">NoSuchElementException: Message: no such element: Unable to locate element: {"method":"css selector","selector":"[id="first_name"]"}
  (Session info: chrome-headless-shell=120.0.6099.129); For documentation on this error, please visit: https://www.selenium.dev/documentation/webdriver/troubleshooting/errors#no-such-element-exception
Stacktrace:
#0 0x559409bc4f83 <unknown>
#1 0x55940987dcf7 <unknown>
#2 0x5594098cd99e <unknown>
#3 0x5594098cdaa1 <unknown>
#4 0x559409918d64 <unknown>
#5 0x5594098f70dd <unknown>
#6 0x559409916006 <unknown>
#7 0x5594098f6e53 <unknown>
#8 0x5594098bedd4 <unknown>
#9 0x5594098c01de <unknown>
#10 0x559409b89531 <unknown>
#11 0x559409b8d455 <unknown>
#12 0x559409b75f55 <unknown>
#13 0x559409b8e0ef <unknown>
#14 0x559409b5999f <unknown>
#15 0x559409bb2008 <unknown>
#16 0x559409bb21d7 <unknown>
#17 0x559409bc4124 <unknown>
#18 0x7f1abd894ac3 <unknown>
</p><p style="color:maroon;">Traceback (most recent call last):
  File "/home/priyansu/Desktop/testing/unifyng-automation-testing/UnifyNG/POM/Tests/TestSignUp/createTenant.py", line 50, in test_001_tenant
    sign.enter_firstname("Swati")
  File "/home/priyansu/Desktop/testing/unifyng-automation-testing/UnifyNG/POM/Pages/Signup/signupPage.py", line 43, in enter_firstname
    self.driver.find_element(By.ID, self.firstname_textbox_id).send_keys(first)
  File "/home/priyansu/.local/lib/python3.10/site-packages/selenium/webdriver/remote/webdriver.py", line 738, in find_element
    return self.execute(Command.FIND_ELEMENT, {"using": by, "value": value})["value"]
  File "/home/priyansu/.local/lib/python3.10/site-packages/selenium/webdriver/remote/webdriver.py", line 344, in execute
    self.error_handler.check_response(response)
  File "/home/priyansu/.local/lib/python3.10/site-packages/selenium/webdriver/remote/errorhandler.py", line 229, in check_response
    raise exception_class(message, screen, stacktrace)
selenium.common.exceptions.NoSuchElementException: Message: no such element: Unable to locate element: {"method":"css selector","selector":"[id="first_name"]"}
  (Session info: chrome-headless-shell=120.0.6099.129); For documentation on this error, please visit: https://www.selenium.dev/documentation/webdriver/troubleshooting/errors#no-such-element-exception
Stacktrace:
#0 0x559409bc4f83 <unknown>
#1 0x55940987dcf7 <unknown>
#2 0x5594098cd99e <unknown>
#3 0x5594098cdaa1 <unknown>
#4 0x559409918d64 <unknown>
#5 0x5594098f70dd <unknown>
#6 0x559409916006 <unknown>
#7 0x5594098f6e53 <unknown>
#8 0x5594098bedd4 <unknown>
#9 0x5594098c01de <unknown>
#10 0x559409b89531 <unknown>
#11 0x559409b8d455 <unknown>
#12 0x559409b75f55 <unknown>
#13 0x559409b8e0ef <unknown>
#14 0x559409b5999f <unknown>
#15 0x559409bb2008 <unknown>
#16 0x559409bb21d7 <unknown>
#17 0x559409bc4124 <unknown>
#18 0x7f1abd894ac3 <unknown>

</p>
                            </td>
                        </tr>
                        <tr>
                            <td colspan="3">
                                Total: 1, Pass: 0, Error: 1 -- Duration: 17.03 s
                            </td>
                        </tr>
                    </tbody>
                </table>
            </div>
        </div>
    </div>
    <script src="https://ajax.googleapis.com/ajax/libs/jquery/2.2.4/jquery.min.js"></script>
    <script type="text/javascript">
        $(document).ready(function(){
            $('td').on('click', '.btn', function(e){
                e.preventDefault();
                e.stopImmediatePropagation();
                var $this = $(this);
                var $nextRow = $this.closest('tr').next('tr');
                $nextRow.slideToggle("fast");
                $this.text(function(i, text){
                    if (text === 'View') {
                        return 'Hide';
                    } else {
                        return 'View';
                    };
                });
            });
        });
    </script>
</body>
</html