<!DOCTYPE html>
<html>
<head>
    <title>Unittest Results</title>
    <meta charset="utf-8">
    <meta name="viewport" content="width=device-width, initial-scale=1.0">
    <link rel="stylesheet" href="https://maxcdn.bootstrapcdn.com/bootstrap/3.3.6/css/bootstrap.min.css" integrity="sha384-1q8mTJOASx8j1Au+a5WDVnPi2lkFfwwEAa8hDDdjZlpLegxhjVME1fgjWPGmkzs7" crossorigin="anonymous">
</head>
<body>
    <div class="container">
        <div class="row">
            <div class="col-xs-12">
                <h2 class="text-capitalize">Unittest Results</h2>
                <p class='attribute'><strong>Start Time: </strong>2023-10-30 10:35:29</p>
                <p class='attribute'><strong>Duration: </strong>12.06 s</p>
                <p class='attribute'><strong>Summary: </strong>Total: 4, Pass: 0, Error: 4</p>
            </div>
        </div>
        <div class="row">
            <div class="col-xs-12 col-sm-10 col-md-10">
                <table class='table table-hover table-responsive'>
                    <thead>
                        <tr>
                            <th>__main__.TestCustomerCreate</th>
                            <th>Status</th>
                            <th></th>
                        </tr>
                    </thead>
                    <tbody>
                        <tr class='warning'>
                            <td class="col-xs-10">test_003_crm</td>
                            <td class="col-xs-1">
                                <span class="label label-warning" style="display:block;width:40px;">Error</span>
                            </td>
                            <td class="col-xs-1">
                                <button class="btn btn-default btn-xs">View</button>
                            </td>
                        </tr>
                        <tr style="display:none;">
                            <td class="col-xs-9" colspan="3"><p style="color:maroon;">NoSuchWindowException: Message: no such window: target window already closed
from unknown error: web view not found
  (Session info: chrome=118.0.5993.117)
Stacktrace:
#0 0x55e9bb7b6fb3 <unknown>
#1 0x55e9bb48a4a7 <unknown>
#2 0x55e9bb463204 <unknown>
#3 0x55e9bb4f8caf <unknown>
#4 0x55e9bb50c756 <unknown>
#5 0x55e9bb4f3713 <unknown>
#6 0x55e9bb4c618b <unknown>
#7 0x55e9bb4c6f7e <unknown>
#8 0x55e9bb77c8d8 <unknown>
#9 0x55e9bb780800 <unknown>
#10 0x55e9bb78acfc <unknown>
#11 0x55e9bb781418 <unknown>
#12 0x55e9bb74e42f <unknown>
#13 0x55e9bb7a54e8 <unknown>
#14 0x55e9bb7a56b4 <unknown>
#15 0x55e9bb7b6143 <unknown>
#16 0x7f13a2094ac3 <unknown>
</p><p style="color:maroon;">Traceback (most recent call last):
  File "/home/priyansu/Desktop/testing/unifyng-automation-testing/UnifyNG/POM/Tests/TestCRM/customerCreate.py", line 125, in test_003_crm
    login.enter_tenant("priyanshu")
  File "/home/priyansu/Desktop/testing/unifyng-automation-testing/UnifyNG/POM/Pages/Login/loginPage.py", line 18, in enter_tenant
    self.driver.find_element(By.ID, self.tenantName_textbox_id).clear()
  File "/home/priyansu/.local/lib/python3.10/site-packages/selenium/webdriver/remote/webdriver.py", line 738, in find_element
    return self.execute(Command.FIND_ELEMENT, {"using": by, "value": value})["value"]
  File "/home/priyansu/.local/lib/python3.10/site-packages/selenium/webdriver/remote/webdriver.py", line 344, in execute
    self.error_handler.check_response(response)
  File "/home/priyansu/.local/lib/python3.10/site-packages/selenium/webdriver/remote/errorhandler.py", line 229, in check_response
    raise exception_class(message, screen, stacktrace)
selenium.common.exceptions.NoSuchWindowException: Message: no such window: target window already closed
from unknown error: web view not found
  (Session info: chrome=118.0.5993.117)
Stacktrace:
#0 0x55e9bb7b6fb3 <unknown>
#1 0x55e9bb48a4a7 <unknown>
#2 0x55e9bb463204 <unknown>
#3 0x55e9bb4f8caf <unknown>
#4 0x55e9bb50c756 <unknown>
#5 0x55e9bb4f3713 <unknown>
#6 0x55e9bb4c618b <unknown>
#7 0x55e9bb4c6f7e <unknown>
#8 0x55e9bb77c8d8 <unknown>
#9 0x55e9bb780800 <unknown>
#10 0x55e9bb78acfc <unknown>
#11 0x55e9bb781418 <unknown>
#12 0x55e9bb74e42f <unknown>
#13 0x55e9bb7a54e8 <unknown>
#14 0x55e9bb7a56b4 <unknown>
#15 0x55e9bb7b6143 <unknown>
#16 0x7f13a2094ac3 <unknown>

There was an error managing chrome (error sending request for url (https://googlechromelabs.github.io/chrome-for-testing/known-good-versions-with-downloads.json): error trying to connect: dns error: failed to lookup address information: Try again); using driver found in the cache
</p>
                            </td>
                        </tr>
                        <tr class='warning'>
                            <td class="col-xs-10">test_003_crm</td>
                            <td class="col-xs-1">
                                <span class="label label-warning" style="display:block;width:40px;">Error</span>
                            </td>
                            <td class="col-xs-1">
                                <button class="btn btn-default btn-xs">View</button>
                            </td>
                        </tr>
                        <tr style="display:none;">
                            <td class="col-xs-9" colspan="3"><p style="color:maroon;">NoSuchWindowException: Message: no such window: target window already closed
from unknown error: web view not found
  (Session info: chrome=118.0.5993.117)
Stacktrace:
#0 0x55e9bb7b6fb3 <unknown>
#1 0x55e9bb48a4a7 <unknown>
#2 0x55e9bb463204 <unknown>
#3 0x55e9bb4f8caf <unknown>
#4 0x55e9bb4feb06 <unknown>
#5 0x55e9bb4f3908 <unknown>
#6 0x55e9bb4c618b <unknown>
#7 0x55e9bb4c6f7e <unknown>
#8 0x55e9bb77c8d8 <unknown>
#9 0x55e9bb780800 <unknown>
#10 0x55e9bb78acfc <unknown>
#11 0x55e9bb781418 <unknown>
#12 0x55e9bb74e42f <unknown>
#13 0x55e9bb7a54e8 <unknown>
#14 0x55e9bb7a56b4 <unknown>
#15 0x55e9bb7b6143 <unknown>
#16 0x7f13a2094ac3 <unknown>
</p><p style="color:maroon;">Traceback (most recent call last):
  File "/home/priyansu/Desktop/testing/unifyng-automation-testing/UnifyNG/POM/Tests/TestCRM/customerCreate.py", line 254, in tearDown
    cls.driver.close()
  File "/home/priyansu/.local/lib/python3.10/site-packages/selenium/webdriver/remote/webdriver.py", line 455, in close
    self.execute(Command.CLOSE)
  File "/home/priyansu/.local/lib/python3.10/site-packages/selenium/webdriver/remote/webdriver.py", line 344, in execute
    self.error_handler.check_response(response)
  File "/home/priyansu/.local/lib/python3.10/site-packages/selenium/webdriver/remote/errorhandler.py", line 229, in check_response
    raise exception_class(message, screen, stacktrace)
selenium.common.exceptions.NoSuchWindowException: Message: no such window: target window already closed
from unknown error: web view not found
  (Session info: chrome=118.0.5993.117)
Stacktrace:
#0 0x55e9bb7b6fb3 <unknown>
#1 0x55e9bb48a4a7 <unknown>
#2 0x55e9bb463204 <unknown>
#3 0x55e9bb4f8caf <unknown>
#4 0x55e9bb4feb06 <unknown>
#5 0x55e9bb4f3908 <unknown>
#6 0x55e9bb4c618b <unknown>
#7 0x55e9bb4c6f7e <unknown>
#8 0x55e9bb77c8d8 <unknown>
#9 0x55e9bb780800 <unknown>
#10 0x55e9bb78acfc <unknown>
#11 0x55e9bb781418 <unknown>
#12 0x55e9bb74e42f <unknown>
#13 0x55e9bb7a54e8 <unknown>
#14 0x55e9bb7a56b4 <unknown>
#15 0x55e9bb7b6143 <unknown>
#16 0x7f13a2094ac3 <unknown>

There was an error managing chrome (error sending request for url (https://googlechromelabs.github.io/chrome-for-testing/known-good-versions-with-downloads.json): error trying to connect: dns error: failed to lookup address information: Try again); using driver found in the cache
</p>
                            </td>
                        </tr>
                        <tr class='warning'>
                            <td class="col-xs-10">test_005_crm</td>
                            <td class="col-xs-1">
                                <span class="label label-warning" style="display:block;width:40px;">Error</span>
                            </td>
                            <td class="col-xs-1">
                                <button class="btn btn-default btn-xs">View</button>
                            </td>
                        </tr>
                        <tr style="display:none;">
                            <td class="col-xs-9" colspan="3"><p style="color:maroon;">NoSuchWindowException: Message: no such window: target window already closed
from unknown error: web view not found
  (Session info: chrome=118.0.5993.117)
Stacktrace:
#0 0x55af9095cfb3 <unknown>
#1 0x55af906304a7 <unknown>
#2 0x55af90609204 <unknown>
#3 0x55af9069ecaf <unknown>
#4 0x55af906b2756 <unknown>
#5 0x55af90699713 <unknown>
#6 0x55af9066c18b <unknown>
#7 0x55af9066cf7e <unknown>
#8 0x55af909228d8 <unknown>
#9 0x55af90926800 <unknown>
#10 0x55af90930cfc <unknown>
#11 0x55af90927418 <unknown>
#12 0x55af908f442f <unknown>
#13 0x55af9094b4e8 <unknown>
#14 0x55af9094b6b4 <unknown>
#15 0x55af9095c143 <unknown>
#16 0x7f0544894ac3 <unknown>
</p><p style="color:maroon;">Traceback (most recent call last):
  File "/home/priyansu/Desktop/testing/unifyng-automation-testing/UnifyNG/POM/Tests/TestCRM/customerCreate.py", line 203, in test_005_crm
    login.enter_tenant("priyanshu")
  File "/home/priyansu/Desktop/testing/unifyng-automation-testing/UnifyNG/POM/Pages/Login/loginPage.py", line 18, in enter_tenant
    self.driver.find_element(By.ID, self.tenantName_textbox_id).clear()
  File "/home/priyansu/.local/lib/python3.10/site-packages/selenium/webdriver/remote/webdriver.py", line 738, in find_element
    return self.execute(Command.FIND_ELEMENT, {"using": by, "value": value})["value"]
  File "/home/priyansu/.local/lib/python3.10/site-packages/selenium/webdriver/remote/webdriver.py", line 344, in execute
    self.error_handler.check_response(response)
  File "/home/priyansu/.local/lib/python3.10/site-packages/selenium/webdriver/remote/errorhandler.py", line 229, in check_response
    raise exception_class(message, screen, stacktrace)
selenium.common.exceptions.NoSuchWindowException: Message: no such window: target window already closed
from unknown error: web view not found
  (Session info: chrome=118.0.5993.117)
Stacktrace:
#0 0x55af9095cfb3 <unknown>
#1 0x55af906304a7 <unknown>
#2 0x55af90609204 <unknown>
#3 0x55af9069ecaf <unknown>
#4 0x55af906b2756 <unknown>
#5 0x55af90699713 <unknown>
#6 0x55af9066c18b <unknown>
#7 0x55af9066cf7e <unknown>
#8 0x55af909228d8 <unknown>
#9 0x55af90926800 <unknown>
#10 0x55af90930cfc <unknown>
#11 0x55af90927418 <unknown>
#12 0x55af908f442f <unknown>
#13 0x55af9094b4e8 <unknown>
#14 0x55af9094b6b4 <unknown>
#15 0x55af9095c143 <unknown>
#16 0x7f0544894ac3 <unknown>

</p>
                            </td>
                        </tr>
                        <tr class='warning'>
                            <td class="col-xs-10">test_005_crm</td>
                            <td class="col-xs-1">
                                <span class="label label-warning" style="display:block;width:40px;">Error</span>
                            </td>
                            <td class="col-xs-1">
                                <button class="btn btn-default btn-xs">View</button>
                            </td>
                        </tr>
                        <tr style="display:none;">
                            <td class="col-xs-9" colspan="3"><p style="color:maroon;">NoSuchWindowException: Message: no such window: target window already closed
from unknown error: web view not found
  (Session info: chrome=118.0.5993.117)
Stacktrace:
#0 0x55af9095cfb3 <unknown>
#1 0x55af906304a7 <unknown>
#2 0x55af90609204 <unknown>
#3 0x55af9069ecaf <unknown>
#4 0x55af906a4b06 <unknown>
#5 0x55af90699908 <unknown>
#6 0x55af9066c18b <unknown>
#7 0x55af9066cf7e <unknown>
#8 0x55af909228d8 <unknown>
#9 0x55af90926800 <unknown>
#10 0x55af90930cfc <unknown>
#11 0x55af90927418 <unknown>
#12 0x55af908f442f <unknown>
#13 0x55af9094b4e8 <unknown>
#14 0x55af9094b6b4 <unknown>
#15 0x55af9095c143 <unknown>
#16 0x7f0544894ac3 <unknown>
</p><p style="color:maroon;">Traceback (most recent call last):
  File "/home/priyansu/Desktop/testing/unifyng-automation-testing/UnifyNG/POM/Tests/TestCRM/customerCreate.py", line 254, in tearDown
    cls.driver.close()
  File "/home/priyansu/.local/lib/python3.10/site-packages/selenium/webdriver/remote/webdriver.py", line 455, in close
    self.execute(Command.CLOSE)
  File "/home/priyansu/.local/lib/python3.10/site-packages/selenium/webdriver/remote/webdriver.py", line 344, in execute
    self.error_handler.check_response(response)
  File "/home/priyansu/.local/lib/python3.10/site-packages/selenium/webdriver/remote/errorhandler.py", line 229, in check_response
    raise exception_class(message, screen, stacktrace)
selenium.common.exceptions.NoSuchWindowException: Message: no such window: target window already closed
from unknown error: web view not found
  (Session info: chrome=118.0.5993.117)
Stacktrace:
#0 0x55af9095cfb3 <unknown>
#1 0x55af906304a7 <unknown>
#2 0x55af90609204 <unknown>
#3 0x55af9069ecaf <unknown>
#4 0x55af906a4b06 <unknown>
#5 0x55af90699908 <unknown>
#6 0x55af9066c18b <unknown>
#7 0x55af9066cf7e <unknown>
#8 0x55af909228d8 <unknown>
#9 0x55af90926800 <unknown>
#10 0x55af90930cfc <unknown>
#11 0x55af90927418 <unknown>
#12 0x55af908f442f <unknown>
#13 0x55af9094b4e8 <unknown>
#14 0x55af9094b6b4 <unknown>
#15 0x55af9095c143 <unknown>
#16 0x7f0544894ac3 <unknown>

</p>
                            </td>
                        </tr>
                        <tr>
                            <td colspan="3">
                                Total: 4, Pass: 0, Error: 4 -- Duration: 12.06 s
                            </td>
                        </tr>
                    </tbody>
                </table>
            </div>
        </div>
    </div>
    <script src="https://ajax.googleapis.com/ajax/libs/jquery/2.2.4/jquery.min.js"></script>
    <script type="text/javascript">
        $(document).ready(function(){
            $('td').on('click', '.btn', function(e){
                e.preventDefault();
                e.stopImmediatePropagation();
                var $this = $(this);
                var $nextRow = $this.closest('tr').next('tr');
                $nextRow.slideToggle("fast");
                $this.text(function(i, text){
                    if (text === 'View') {
                        return 'Hide';
                    } else {
                        return 'View';
                    };
                });
            });
        });
    </script>
</body>
</html