<!DOCTYPE html>
<html>
<head>
    <title>Unittest Results</title>
    <meta charset="utf-8">
    <meta name="viewport" content="width=device-width, initial-scale=1.0">
    <link rel="stylesheet" href="https://maxcdn.bootstrapcdn.com/bootstrap/3.3.6/css/bootstrap.min.css" integrity="sha384-1q8mTJOASx8j1Au+a5WDVnPi2lkFfwwEAa8hDDdjZlpLegxhjVME1fgjWPGmkzs7" crossorigin="anonymous">
</head>
<body>
    <div class="container">
        <div class="row">
            <div class="col-xs-12">
                <h2 class="text-capitalize">Unittest Results</h2>
                <p class='attribute'><strong>Start Time: </strong>2023-07-19 23:42:24</p>
                <p class='attribute'><strong>Duration: </strong>13.44 s</p>
                <p class='attribute'><strong>Summary: </strong>Total: 2, Pass: 1, Error: 1</p>
            </div>
        </div>
        <div class="row">
            <div class="col-xs-12 col-sm-10 col-md-10">
                <table class='table table-hover table-responsive'>
                    <thead>
                        <tr>
                            <th>__main__.LoginTest</th>
                            <th>Status</th>
                            <th></th>
                        </tr>
                    </thead>
                    <tbody>
                        <tr class='success'>
                            <td class="col-xs-10">test_01_valid_login</td>
                            <td class="col-xs-1">
                                <span class="label label-success" style="display:block;width:40px;">Pass</span>
                            </td>
                            <td class="col-xs-1">
                            </td>
                        </tr>
                        <tr class='warning'>
                            <td class="col-xs-10">test_02_invalid_login_username</td>
                            <td class="col-xs-1">
                                <span class="label label-warning" style="display:block;width:40px;">Error</span>
                            </td>
                            <td class="col-xs-1">
                                <button class="btn btn-default btn-xs">View</button>
                            </td>
                        </tr>
                        <tr style="display:none;">
                            <td class="col-xs-9" colspan="3"><p style="color:maroon;">InvalidSelectorException: Message: invalid selector: Unable to locate an element with the xpath expression  because of the following error:
SyntaxError: Failed to execute 'evaluate' on 'Document': The string '' is not a valid XPath expression.
  (Session info: chrome=114.0.5735.198)
Stacktrace:
#0 0x561d3951a4e3 <unknown>
#1 0x561d39249c76 <unknown>
#2 0x561d3924e53c <unknown>
#3 0x561d3924f97e <unknown>
#4 0x561d3924fa4c <unknown>
#5 0x561d3928586a <unknown>
#6 0x561d39285dc1 <unknown>
#7 0x561d392bf7f4 <unknown>
#8 0x561d392a503d <unknown>
#9 0x561d392bd30e <unknown>
#10 0x561d392a4de3 <unknown>
#11 0x561d3927a2dd <unknown>
#12 0x561d3927b34e <unknown>
#13 0x561d394da3e4 <unknown>
#14 0x561d394de3d7 <unknown>
#15 0x561d394e8b20 <unknown>
#16 0x561d394df023 <unknown>
#17 0x561d394ad1aa <unknown>
#18 0x561d395036b8 <unknown>
#19 0x561d39503847 <unknown>
#20 0x561d39513243 <unknown>
#21 0x7fae45a94b43 <unknown>
</p><p style="color:maroon;">Traceback (most recent call last):
  File "/home/priyansu/PycharmProjects/UNifyNG/UnifyNG/POM/Tests/login.py", line 53, in test_02_invalid_login_username
    message = driver.find_element(By.XPATH, "").text
  File "/home/priyansu/.local/lib/python3.10/site-packages/selenium/webdriver/remote/webdriver.py", line 830, in find_element
    return self.execute(Command.FIND_ELEMENT, {"using": by, "value": value})["value"]
  File "/home/priyansu/.local/lib/python3.10/site-packages/selenium/webdriver/remote/webdriver.py", line 440, in execute
    self.error_handler.check_response(response)
  File "/home/priyansu/.local/lib/python3.10/site-packages/selenium/webdriver/remote/errorhandler.py", line 245, in check_response
    raise exception_class(message, screen, stacktrace)
selenium.common.exceptions.InvalidSelectorException: Message: invalid selector: Unable to locate an element with the xpath expression  because of the following error:
SyntaxError: Failed to execute 'evaluate' on 'Document': The string '' is not a valid XPath expression.
  (Session info: chrome=114.0.5735.198)
Stacktrace:
#0 0x561d3951a4e3 <unknown>
#1 0x561d39249c76 <unknown>
#2 0x561d3924e53c <unknown>
#3 0x561d3924f97e <unknown>
#4 0x561d3924fa4c <unknown>
#5 0x561d3928586a <unknown>
#6 0x561d39285dc1 <unknown>
#7 0x561d392bf7f4 <unknown>
#8 0x561d392a503d <unknown>
#9 0x561d392bd30e <unknown>
#10 0x561d392a4de3 <unknown>
#11 0x561d3927a2dd <unknown>
#12 0x561d3927b34e <unknown>
#13 0x561d394da3e4 <unknown>
#14 0x561d394de3d7 <unknown>
#15 0x561d394e8b20 <unknown>
#16 0x561d394df023 <unknown>
#17 0x561d394ad1aa <unknown>
#18 0x561d395036b8 <unknown>
#19 0x561d39503847 <unknown>
#20 0x561d39513243 <unknown>
#21 0x7fae45a94b43 <unknown>

</p>
                            </td>
                        </tr>
                        <tr>
                            <td colspan="3">
                                Total: 2, Pass: 1, Error: 1 -- Duration: 13.44 s
                            </td>
                        </tr>
                    </tbody>
                </table>
            </div>
        </div>
    </div>
    <script src="https://ajax.googleapis.com/ajax/libs/jquery/2.2.4/jquery.min.js"></script>
    <script type="text/javascript">
        $(document).ready(function(){
            $('td').on('click', '.btn', function(e){
                e.preventDefault();
                e.stopImmediatePropagation();
                var $this = $(this);
                var $nextRow = $this.closest('tr').next('tr');
                $nextRow.slideToggle("fast");
                $this.text(function(i, text){
                    if (text === 'View') {
                        return 'Hide';
                    } else {
                        return 'View';
                    };
                });
            });
        });
    </script>
</body>
</html